app/build/intermediates/manifest_merge_blame_file/debug/manifest-merger-blame-debug-report.txt
1<?xml version="1.0" encoding="utf-8"?>
2<manifest xmlns:android="http://schemas.android.com/apk/res/android"
3    package="com.example.bocce"
4    android:versionCode="1"
5    android:versionName="1.0" >
6
7    <uses-sdk
8        android:minSdkVersion="22"
8-->src\main\AndroidManifest.xml
9        android:targetSdkVersion="33" />
9-->src\main\AndroidManifest.xml
10
11    <uses-permission android:name="android.permission.INTERNET" />
11-->src\main\AndroidManifest.xml:4:5-67
11-->src\main\AndroidManifest.xml:4:22-64
12    <uses-permission android:name="android.permission.ACCESS_NETWORK_STATE" />
12-->src\main\AndroidManifest.xml:5:5-79
12-->src\main\AndroidManifest.xml:5:22-76
13    <uses-permission android:name="android.permission.ACCESS_WIFI_STATE" />
13-->src\main\AndroidManifest.xml:6:5-76
13-->src\main\AndroidManifest.xml:6:22-73
14    <uses-permission android:name="com.robotemi.sdk.permission.SdkPermission" />
14-->src\main\AndroidManifest.xml:7:5-81
14-->src\main\AndroidManifest.xml:7:22-78
15    <uses-permission android:name="android.permission.WRITE_EXTERNAL_STORAGE" />
15-->[com.robotemi:sdk:0.10.70] AndroidManifest.xml:11:5-81
15-->[com.robotemi:sdk:0.10.70] AndroidManifest.xml:11:22-78
16    <uses-permission android:name="android.permission.READ_EXTERNAL_STORAGE" />
17
18    <permission
18-->[androidx.core:core:1.9.0] AndroidManifest.xml:22:5-24:47
19        android:name="com.example.bocce.DYNAMIC_RECEIVER_NOT_EXPORTED_PERMISSION"
19-->[androidx.core:core:1.9.0] AndroidManifest.xml:23:9-81
20        android:protectionLevel="signature" />
20-->[androidx.core:core:1.9.0] AndroidManifest.xml:24:9-44
21
22    <uses-permission android:name="com.example.bocce.DYNAMIC_RECEIVER_NOT_EXPORTED_PERMISSION" />
22-->[androidx.core:core:1.9.0] AndroidManifest.xml:26:5-97
22-->[androidx.core:core:1.9.0] AndroidManifest.xml:26:22-94
23
24    <application
24-->src\main\AndroidManifest.xml:11:5-63:19
25        android:allowBackup="true"
25-->src\main\AndroidManifest.xml:13:9-35
26        android:appComponentFactory="androidx.core.app.CoreComponentFactory"
26-->[androidx.core:core:1.9.0] AndroidManifest.xml:28:18-86
27        android:dataExtractionRules="@xml/data_extraction_rules"
27-->src\main\AndroidManifest.xml:14:9-65
28        android:debuggable="true"
29        android:fullBackupContent="@xml/backup_rules"
29-->src\main\AndroidManifest.xml:15:9-54
30        android:icon="@mipmap/ic_launcher"
30-->src\main\AndroidManifest.xml:16:9-43
31        android:label="@string/app_name"
31-->src\main\AndroidManifest.xml:17:9-41
32        android:roundIcon="@mipmap/ic_launcher_round"
32-->src\main\AndroidManifest.xml:18:9-54
33        android:supportsRtl="true"
33-->src\main\AndroidManifest.xml:19:9-35
34        android:testOnly="true"
35        android:theme="@style/Theme.Bocce"
35-->src\main\AndroidManifest.xml:20:9-43
36        android:usesCleartextTraffic="true" >
36-->src\main\AndroidManifest.xml:23:9-44
37        <activity
37-->src\main\AndroidManifest.xml:25:9-27:40
38            android:name="com.example.bocce.ScorecardActivity"
38-->src\main\AndroidManifest.xml:26:13-46
39            android:exported="false" />
39-->src\main\AndroidManifest.xml:27:13-37
40        <activity
40-->src\main\AndroidManifest.xml:28:9-30:40
41            android:name="com.example.bocce.wait"
41-->src\main\AndroidManifest.xml:29:13-33
42            android:exported="false" />
42-->src\main\AndroidManifest.xml:30:13-37
43        <activity
43-->src\main\AndroidManifest.xml:33:9-35:40
44            android:name="com.example.bocce.ShowPlain"
44-->src\main\AndroidManifest.xml:34:13-38
45            android:exported="false" />
45-->src\main\AndroidManifest.xml:35:13-37
46        <activity
46-->src\main\AndroidManifest.xml:37:9-39:40
47            android:name="com.example.bocce.LetSgo"
47-->src\main\AndroidManifest.xml:38:13-35
48            android:exported="false" />
48-->src\main\AndroidManifest.xml:39:13-37
49        <activity
49-->src\main\AndroidManifest.xml:41:9-43:40
50            android:name="com.example.bocce.DoneStartActivity2"
50-->src\main\AndroidManifest.xml:42:13-47
51            android:exported="false" />
51-->src\main\AndroidManifest.xml:43:13-37
52        <activity
52-->src\main\AndroidManifest.xml:44:9-46:40
53            android:name="com.example.bocce.Roundactivity"
53-->src\main\AndroidManifest.xml:45:13-42
54            android:exported="false" />
54-->src\main\AndroidManifest.xml:46:13-37
55        <activity
55-->src\main\AndroidManifest.xml:48:9-50:40
56            android:name="com.example.bocce.InstructActivity"
56-->src\main\AndroidManifest.xml:49:13-45
57            android:exported="false" />
57-->src\main\AndroidManifest.xml:50:13-37
58        <activity
58-->src\main\AndroidManifest.xml:52:9-54:40
59            android:name="com.example.bocce.Activity2"
59-->src\main\AndroidManifest.xml:53:13-38
60            android:exported="false" />
60-->src\main\AndroidManifest.xml:54:13-37
61        <activity
61-->src\main\AndroidManifest.xml:55:9-62:20
62            android:name="com.example.bocce.MainActivity"
62-->src\main\AndroidManifest.xml:56:13-41
63            android:exported="true" >
63-->src\main\AndroidManifest.xml:57:13-36
64            <intent-filter>
64-->src\main\AndroidManifest.xml:58:13-61:29
65                <action android:name="android.intent.action.MAIN" />
65-->src\main\AndroidManifest.xml:59:17-69
65-->src\main\AndroidManifest.xml:59:25-66
66
67                <category android:name="android.intent.category.LAUNCHER" />
67-->src\main\AndroidManifest.xml:60:17-77
67-->src\main\AndroidManifest.xml:60:27-74
68            </intent-filter>
69        </activity>
70
71        <provider
71-->[com.robotemi:sdk:0.10.70] AndroidManifest.xml:14:9-18:40
72            android:name="com.robotemi.sdk.TemiSdkContentProvider"
72-->[com.robotemi:sdk:0.10.70] AndroidManifest.xml:15:13-67
73            android:authorities="com.example.bocce.com.robotemi.sdk"
73-->[com.robotemi:sdk:0.10.70] AndroidManifest.xml:16:13-68
74            android:enabled="true"
74-->[com.robotemi:sdk:0.10.70] AndroidManifest.xml:17:13-35
75            android:exported="false" />
75-->[com.robotemi:sdk:0.10.70] AndroidManifest.xml:18:13-37
76        <provider
76-->[androidx.emoji2:emoji2:1.2.0] AndroidManifest.xml:24:9-32:20
77            android:name="androidx.startup.InitializationProvider"
77-->[androidx.emoji2:emoji2:1.2.0] AndroidManifest.xml:25:13-67
78            android:authorities="com.example.bocce.androidx-startup"
78-->[androidx.emoji2:emoji2:1.2.0] AndroidManifest.xml:26:13-68
79            android:exported="false" >
79-->[androidx.emoji2:emoji2:1.2.0] AndroidManifest.xml:27:13-37
80            <meta-data
80-->[androidx.emoji2:emoji2:1.2.0] AndroidManifest.xml:29:13-31:52
81                android:name="androidx.emoji2.text.EmojiCompatInitializer"
81-->[androidx.emoji2:emoji2:1.2.0] AndroidManifest.xml:30:17-75
82                android:value="androidx.startup" />
82-->[androidx.emoji2:emoji2:1.2.0] AndroidManifest.xml:31:17-49
83            <meta-data
83-->[androidx.lifecycle:lifecycle-process:2.4.1] AndroidManifest.xml:31:13-33:52
84                android:name="androidx.lifecycle.ProcessLifecycleInitializer"
84-->[androidx.lifecycle:lifecycle-process:2.4.1] AndroidManifest.xml:32:17-78
85                android:value="androidx.startup" />
85-->[androidx.lifecycle:lifecycle-process:2.4.1] AndroidManifest.xml:33:17-49
86        </provider>
87    </application>
88
89</manifest>